<?xml version="1.0" encoding="UTF-8"?>
<!-- Generated by org.testng.reporters.JUnitReportReporter -->
<testsuite hostname="Prasanna" failures="0" tests="1" name="Day1.DemoJenkins" time="19.964" errors="0" timestamp="20 Sep 2020 05:49:52 GMT" skipped="0">
  <testcase classname="Day1.DemoJenkins" name="startApp" time="19.964"/>
</testsuite> <!-- Day1.DemoJenkins -->
